<?xml version="1.0" encoding="UTF-8"?>
<!-- Generated by org.testng.reporters.JUnitReportReporter -->
<testsuite hostname="DESKTOP-E6IFV13" failures="0" tests="1" name="script.InvalidLogin" time="5.366" errors="0" timestamp="2024-10-23T11:45:12 IST" skipped="0">
  <testcase classname="script.InvalidLogin" name="testInvalidLogin" time="5.366">
    <system-out>
      <![CDATA[Err Msg is Displayed]]>
    </system-out>
  </testcase> <!-- testInvalidLogin -->
  <system-out>
    <![CDATA[Err Msg is Displayed]]>
  </system-out>
</testsuite> <!-- script.InvalidLogin -->
