<?xml version="1.0" encoding="UTF-8"?>
<!-- Generated by org.testng.reporters.JUnitReportReporter -->
<testsuite hostname="DESKTOP-E6IFV13" failures="0" tests="1" name="script.Demo1" time="6.978" errors="0" timestamp="2024-10-21T11:36:20 IST" skipped="0">
  <testcase classname="script.Demo1" name="testA" time="6.978"/>
</testsuite> <!-- script.Demo1 -->
