<?xml version="1.0" encoding="UTF-8"?>
<!-- Generated by org.testng.reporters.JUnitReportReporter -->
<testsuite hostname="DESKTOP-E6IFV13" failures="0" tests="1" name="script.ValidLogin" time="6.324" errors="0" timestamp="2024-10-23T11:48:59 IST" skipped="0">
  <testcase classname="script.ValidLogin" name="testValidLogin" time="6.324">
    <system-out>
      <![CDATA[Home Page is Displayed]]>
    </system-out>
  </testcase> <!-- testValidLogin -->
  <system-out>
    <![CDATA[Err Msg is Displayed
Home Page is Displayed]]>
  </system-out>
</testsuite> <!-- script.ValidLogin -->
