<?xml version="1.0" encoding="UTF-8"?>
<!-- Generated by org.testng.reporters.JUnitReportReporter -->
<testsuite hostname="DESKTOP-E6IFV13" failures="0" tests="1" name="script.Demo1" time="9.312" errors="0" timestamp="2024-10-22T11:22:41 IST" skipped="0">
  <testcase classname="script.Demo1" name="testA" time="9.312"/>
</testsuite> <!-- script.Demo1 -->
