<?xml version="1.0" encoding="UTF-8"?>
<!-- Generated by org.testng.reporters.JUnitReportReporter -->
<testsuite hostname="DESKTOP-E6IFV13" failures="0" tests="1" name="script.ValidLogin" time="8.144" errors="0" timestamp="2024-10-22T12:35:22 IST" skipped="0">
  <testcase classname="script.ValidLogin" name="testValidLogin" time="8.144">
    <system-out>
      <![CDATA[Home Page is Displayed]]>
    </system-out>
  </testcase> <!-- testValidLogin -->
  <system-out>
    <![CDATA[Home Page is Displayed]]>
  </system-out>
</testsuite> <!-- script.ValidLogin -->
